<?xml version="1.0" encoding="UTF-8" ?>
<testsuite tests="8" failures="0" name="hyla.simplereservation.ReservationServiceTest" time="0.063" errors="0" skipped="0">
  <properties>
[...]
</properties>
  <testcase classname="hyla.simplereservation.ReservationServiceTest" name="reservationWhileMoreEventsExistAndCustomerIsOnBoth" time="0.004"/>
  <testcase classname="hyla.simplereservation.ReservationServiceTest" name="moreThanOnePlaceWithOneOfThemBlocked" time="0"/>
  <testcase classname="hyla.simplereservation.ReservationServiceTest" name="basicReservation" time="0"/>
  <testcase classname="hyla.simplereservation.ReservationServiceTest" name="failedReservationv2" time="0"/>
  <testcase classname="hyla.simplereservation.ReservationServiceTest" name="failedReservation" time="0"/>
  <testcase classname="hyla.simplereservation.ReservationServiceTest" name="reservationWhileMoreEventExist" time="0"/>
  <testcase classname="hyla.simplereservation.ReservationServiceTest" name="basicReservationWhileEventIsNotEmpty" time="0"/>
  <testcase classname="hyla.simplereservation.ReservationServiceTest" name="moreThanOnePlace" time="0"/>
</testsuite>